2021-09-13 14:29:20,558 [main] INFO com.docker.hub.utility.TestBase - url has lauching..
2021-09-13 14:29:20,714 [main] INFO com.docker.hub.utility.TestBase - Now Browser is maximize...
2021-09-13 14:29:20,730 [main] INFO com.docker.hub.utility.TestBase - Page loading.....
2021-09-13 14:30:39,440 [main] INFO com.docker.hub.utility.TestBase - url has lauching..
2021-09-13 14:30:39,579 [main] INFO com.docker.hub.utility.TestBase - Now Browser is maximize...
2021-09-13 14:30:39,594 [main] INFO com.docker.hub.utility.TestBase - Page loading.....
2021-09-13 14:32:03,925 [main] INFO com.docker.hub.utility.TestBase - url has lauching..
2021-09-13 14:32:04,105 [main] INFO com.docker.hub.utility.TestBase - Now Browser is maximize...
2021-09-13 14:32:04,125 [main] INFO com.docker.hub.utility.TestBase - Page loading.....
2021-09-13 16:00:48,100 [main] INFO com.docker.hub.utility.TestBase - url has lauching..
2021-09-13 16:00:48,287 [main] INFO com.docker.hub.utility.TestBase - Now Browser is maximize...
2021-09-13 16:00:48,299 [main] INFO com.docker.hub.utility.TestBase - Page loading.....
2021-09-13 16:03:45,738 [main] INFO com.docker.hub.utility.TestBase - url has lauching..
2021-09-13 16:03:45,901 [main] INFO com.docker.hub.utility.TestBase - Now Browser is maximize...
2021-09-13 16:03:45,915 [main] INFO com.docker.hub.utility.TestBase - Page loading.....
2021-09-13 16:05:30,778 [main] INFO com.docker.hub.utility.TestBase - url has lauching..
2021-09-13 16:05:30,932 [main] INFO com.docker.hub.utility.TestBase - Now Browser is maximize...
2021-09-13 16:05:30,945 [main] INFO com.docker.hub.utility.TestBase - Page loading.....
2021-09-13 16:13:31,050 [main] INFO com.docker.hub.utility.TestBase - url has lauching..
2021-09-13 16:13:31,185 [main] INFO com.docker.hub.utility.TestBase - Now Browser is maximize...
2021-09-13 16:13:31,200 [main] INFO com.docker.hub.utility.TestBase - Page loading.....
2021-09-13 17:00:48,269 [main] INFO com.docker.hub.utility.TestBase - url has lauching..
2021-09-13 17:00:48,592 [main] INFO com.docker.hub.utility.TestBase - Now Browser is maximize...
2021-09-13 17:00:48,604 [main] INFO com.docker.hub.utility.TestBase - Page loading.....
2021-09-13 17:02:50,039 [main] INFO com.docker.hub.utility.TestBase - url has lauching..
2021-09-13 17:02:50,264 [main] INFO com.docker.hub.utility.TestBase - Now Browser is maximize...
2021-09-13 17:02:50,278 [main] INFO com.docker.hub.utility.TestBase - Page loading.....
2021-09-13 17:03:56,902 [main] INFO com.docker.hub.utility.TestBase - url has lauching..
2021-09-13 17:03:57,039 [main] INFO com.docker.hub.utility.TestBase - Now Browser is maximize...
2021-09-13 17:03:57,054 [main] INFO com.docker.hub.utility.TestBase - Page loading.....
2021-09-13 17:04:34,350 [main] INFO com.docker.hub.utility.TestBase - url has lauching..
2021-09-13 17:04:34,484 [main] INFO com.docker.hub.utility.TestBase - Now Browser is maximize...
2021-09-13 17:04:34,498 [main] INFO com.docker.hub.utility.TestBase - Page loading.....
2021-09-13 17:08:03,912 [main] INFO com.docker.hub.utility.TestBase - url has lauching..
2021-09-13 17:08:04,050 [main] INFO com.docker.hub.utility.TestBase - Now Browser is maximize...
2021-09-13 17:08:04,064 [main] INFO com.docker.hub.utility.TestBase - Page loading.....
2021-09-13 17:08:56,995 [main] INFO com.docker.hub.utility.TestBase - url has lauching..
2021-09-13 17:08:57,218 [main] INFO com.docker.hub.utility.TestBase - Now Browser is maximize...
2021-09-13 17:08:57,230 [main] INFO com.docker.hub.utility.TestBase - Page loading.....
2021-09-13 17:09:40,259 [main] INFO com.docker.hub.utility.TestBase - url has lauching..
2021-09-13 17:09:40,398 [main] INFO com.docker.hub.utility.TestBase - Now Browser is maximize...
2021-09-13 17:09:40,409 [main] INFO com.docker.hub.utility.TestBase - Page loading.....
2021-09-13 17:11:14,990 [main] INFO com.docker.hub.utility.TestBase - url has lauching..
2021-09-13 17:11:15,160 [main] INFO com.docker.hub.utility.TestBase - Now Browser is maximize...
2021-09-13 17:11:15,174 [main] INFO com.docker.hub.utility.TestBase - Page loading.....
2021-09-13 17:15:56,978 [main] INFO com.docker.hub.utility.TestBase - url has lauching..
2021-09-13 17:15:57,123 [main] INFO com.docker.hub.utility.TestBase - Now Browser is maximize...
2021-09-13 17:15:57,134 [main] INFO com.docker.hub.utility.TestBase - Page loading.....
2021-09-13 17:16:54,622 [main] INFO com.docker.hub.utility.TestBase - url has lauching..
2021-09-13 17:16:54,770 [main] INFO com.docker.hub.utility.TestBase - Now Browser is maximize...
2021-09-13 17:16:54,783 [main] INFO com.docker.hub.utility.TestBase - Page loading.....
2021-09-13 17:30:33,673 [main] INFO com.docker.hub.utility.TestBase - url has lauching..
2021-09-13 17:30:33,823 [main] INFO com.docker.hub.utility.TestBase - Now Browser is maximize...
2021-09-13 17:30:33,836 [main] INFO com.docker.hub.utility.TestBase - Page loading.....
2021-09-13 17:31:03,202 [main] INFO com.docker.hub.utility.TestBase - url has lauching..
2021-09-13 17:31:03,489 [main] INFO com.docker.hub.utility.TestBase - Now Browser is maximize...
2021-09-13 17:31:03,493 [main] INFO com.docker.hub.utility.TestBase - Page loading.....
2021-09-13 17:52:46,219 [main] INFO com.docker.hub.utility.TestBase - url has lauching..
2021-09-13 17:52:46,369 [main] INFO com.docker.hub.utility.TestBase - Now Browser is maximize...
2021-09-13 17:52:46,379 [main] INFO com.docker.hub.utility.TestBase - Page loading.....
2021-09-13 17:53:54,303 [main] INFO com.docker.hub.utility.TestBase - url has lauching..
2021-09-13 17:53:54,588 [main] INFO com.docker.hub.utility.TestBase - Now Browser is maximize...
2021-09-13 17:53:54,604 [main] INFO com.docker.hub.utility.TestBase - Page loading.....
2021-09-13 17:54:56,612 [main] INFO com.docker.hub.utility.TestBase - url has lauching..
2021-09-13 17:54:56,750 [main] INFO com.docker.hub.utility.TestBase - Now Browser is maximize...
2021-09-13 17:54:56,766 [main] INFO com.docker.hub.utility.TestBase - Page loading.....
2021-09-13 17:58:14,249 [main] INFO com.docker.hub.utility.TestBase - url has lauching..
2021-09-13 17:58:14,401 [main] INFO com.docker.hub.utility.TestBase - Now Browser is maximize...
2021-09-13 17:58:14,414 [main] INFO com.docker.hub.utility.TestBase - Page loading.....
2021-09-13 18:07:19,810 [main] INFO com.docker.hub.utility.TestBase - url has lauching..
2021-09-13 18:07:19,963 [main] INFO com.docker.hub.utility.TestBase - Now Browser is maximize...
2021-09-13 18:07:19,976 [main] INFO com.docker.hub.utility.TestBase - Page loading.....
2021-09-13 18:09:03,535 [main] INFO com.docker.hub.utility.TestBase - url has lauching..
2021-09-13 18:09:03,681 [main] INFO com.docker.hub.utility.TestBase - Now Browser is maximize...
2021-09-13 18:09:03,695 [main] INFO com.docker.hub.utility.TestBase - Page loading.....
2021-09-13 18:09:42,599 [main] INFO com.docker.hub.utility.TestBase - url has lauching..
2021-09-13 18:09:42,750 [main] INFO com.docker.hub.utility.TestBase - Now Browser is maximize...
2021-09-13 18:09:42,764 [main] INFO com.docker.hub.utility.TestBase - Page loading.....
2021-09-13 18:19:36,424 [main] INFO com.docker.hub.utility.TestBase - url has lauching..
2021-09-13 18:19:36,669 [main] INFO com.docker.hub.utility.TestBase - Now Browser is maximize...
2021-09-13 18:19:36,687 [main] INFO com.docker.hub.utility.TestBase - Page loading.....
2021-09-13 18:20:10,316 [main] INFO com.docker.hub.utility.TestBase - url has lauching..
2021-09-13 18:20:10,455 [main] INFO com.docker.hub.utility.TestBase - Now Browser is maximize...
2021-09-13 18:20:10,469 [main] INFO com.docker.hub.utility.TestBase - Page loading.....
2021-09-13 18:22:24,516 [main] INFO com.docker.hub.utility.TestBase - url has lauching..
2021-09-13 18:22:24,738 [main] INFO com.docker.hub.utility.TestBase - Now Browser is maximize...
2021-09-13 18:22:24,744 [main] INFO com.docker.hub.utility.TestBase - Page loading.....
2021-09-13 18:24:02,125 [main] INFO com.docker.hub.utility.TestBase - url has lauching..
2021-09-13 18:24:02,271 [main] INFO com.docker.hub.utility.TestBase - Now Browser is maximize...
2021-09-13 18:24:02,286 [main] INFO com.docker.hub.utility.TestBase - Page loading.....
2021-09-13 18:37:41,345 [main] INFO com.docker.hub.utility.TestBase - url has lauching..
2021-09-13 18:37:41,625 [main] INFO com.docker.hub.utility.TestBase - Now Browser is maximize...
2021-09-13 18:37:41,638 [main] INFO com.docker.hub.utility.TestBase - Page loading.....
2021-09-13 18:39:28,463 [main] INFO com.docker.hub.utility.TestBase - url has lauching..
2021-09-13 18:39:28,696 [main] INFO com.docker.hub.utility.TestBase - Now Browser is maximize...
2021-09-13 18:39:28,706 [main] INFO com.docker.hub.utility.TestBase - Page loading.....
2021-09-13 18:49:07,554 [main] INFO com.docker.hub.utility.TestBase - url has lauching..
2021-09-13 18:49:07,690 [main] INFO com.docker.hub.utility.TestBase - Now Browser is maximize...
2021-09-13 18:49:07,705 [main] INFO com.docker.hub.utility.TestBase - Page loading.....
2021-09-13 18:49:33,698 [main] INFO com.docker.hub.utility.TestBase - url has lauching..
2021-09-13 18:49:33,851 [main] INFO com.docker.hub.utility.TestBase - Now Browser is maximize...
2021-09-13 18:49:33,865 [main] INFO com.docker.hub.utility.TestBase - Page loading.....
2021-09-13 18:52:02,339 [main] INFO com.docker.hub.utility.TestBase - url has lauching..
2021-09-13 18:52:02,487 [main] INFO com.docker.hub.utility.TestBase - Now Browser is maximize...
2021-09-13 18:52:02,502 [main] INFO com.docker.hub.utility.TestBase - Page loading.....
2021-09-13 18:52:46,274 [main] INFO com.docker.hub.utility.TestBase - url has lauching..
2021-09-13 18:52:46,423 [main] INFO com.docker.hub.utility.TestBase - Now Browser is maximize...
2021-09-13 18:52:46,437 [main] INFO com.docker.hub.utility.TestBase - Page loading.....
2021-09-13 18:53:25,363 [main] INFO com.docker.hub.utility.TestBase - url has lauching..
2021-09-13 18:53:25,511 [main] INFO com.docker.hub.utility.TestBase - Now Browser is maximize...
2021-09-13 18:53:25,524 [main] INFO com.docker.hub.utility.TestBase - Page loading.....
2021-09-13 18:59:42,571 [main] INFO com.docker.hub.utility.TestBase - url has lauching..
2021-09-13 18:59:42,722 [main] INFO com.docker.hub.utility.TestBase - Now Browser is maximize...
2021-09-13 18:59:42,736 [main] INFO com.docker.hub.utility.TestBase - Page loading.....
2021-09-13 19:00:20,904 [main] INFO com.docker.hub.utility.TestBase - url has lauching..
2021-09-13 19:00:21,070 [main] INFO com.docker.hub.utility.TestBase - Now Browser is maximize...
2021-09-13 19:00:21,081 [main] INFO com.docker.hub.utility.TestBase - Page loading.....
2021-09-13 19:00:53,054 [main] INFO com.docker.hub.utility.TestBase - url has lauching..
2021-09-13 19:00:53,200 [main] INFO com.docker.hub.utility.TestBase - Now Browser is maximize...
2021-09-13 19:00:53,215 [main] INFO com.docker.hub.utility.TestBase - Page loading.....
2021-09-13 19:01:40,269 [main] INFO com.docker.hub.utility.TestBase - url has lauching..
2021-09-13 19:01:40,406 [main] INFO com.docker.hub.utility.TestBase - Now Browser is maximize...
2021-09-13 19:01:40,421 [main] INFO com.docker.hub.utility.TestBase - Page loading.....
2021-09-13 19:14:47,527 [main] INFO com.docker.hub.utility.TestBase - url has lauching..
2021-09-13 19:14:47,673 [main] INFO com.docker.hub.utility.TestBase - Now Browser is maximize...
2021-09-13 19:14:47,687 [main] INFO com.docker.hub.utility.TestBase - Page loading.....
2021-09-13 19:14:47,694 [main] INFO com.docker.hub.Testcases.DockerHUBWebTest - ===Started Verifying testContainerPage=====
2021-09-13 19:14:47,821 [main] INFO com.docker.hub.Testcases.DockerHUBWebTest - ===Finished Verifying testContainerPage=====
2021-09-13 19:14:47,821 [main] INFO com.docker.hub.Testcases.DockerHUBWebTest - ===Started Verifying testVerifyLabel=====
2021-09-13 19:14:47,998 [main] INFO com.docker.hub.Testcases.DockerHUBWebTest - ===Finished Verifying testVerifyLabel=====
2021-09-13 19:14:47,999 [main] INFO com.docker.hub.Testcases.DockerHUBWebTest - ===Started Verifying testVerifyCategories=====
2021-09-13 19:14:48,190 [main] INFO com.docker.hub.Testcases.DockerHUBWebTest - ===Finished Verifying testVerifyCategories=====
2021-09-13 19:14:48,190 [main] INFO com.docker.hub.Testcases.DockerHUBWebTest - ===Started Verifying testPublisherContent=====
2021-09-13 19:14:48,395 [main] INFO com.docker.hub.Testcases.DockerHUBWebTest - ===Finished Verifying testPublisherContent=====
2021-09-13 19:14:48,396 [main] INFO com.docker.hub.Testcases.DockerHUBWebTest - ===Started Verifying testBaseImageAndDatabaseFilterContent=====
2021-09-13 19:14:48,987 [main] INFO com.docker.hub.Testcases.DockerHUBWebTest - ===Finished Verifying testBaseImageAndDatabaseFilterContent=====
2021-09-13 19:14:48,988 [main] INFO com.docker.hub.Testcases.DockerHUBWebTest - ===Started Verifying testBaseImageFilterRemovedFromLeftPane=====
2021-09-13 19:14:49,193 [main] INFO com.docker.hub.Testcases.DockerHUBWebTest - ===Finished Verifying testBaseImageFilterRemovedFromLeftPane=====
