2021-09-13 14:29:20,558 - com.docker.hub.utility.TestBase -INFO - url has lauching..
2021-09-13 14:29:20,714 - com.docker.hub.utility.TestBase -INFO - Now Browser is maximize...
2021-09-13 14:29:20,730 - com.docker.hub.utility.TestBase -INFO - Page loading.....
2021-09-13 14:30:39,440 - com.docker.hub.utility.TestBase -INFO - url has lauching..
2021-09-13 14:30:39,579 - com.docker.hub.utility.TestBase -INFO - Now Browser is maximize...
2021-09-13 14:30:39,594 - com.docker.hub.utility.TestBase -INFO - Page loading.....
2021-09-13 14:32:03,925 - com.docker.hub.utility.TestBase -INFO - url has lauching..
2021-09-13 14:32:04,105 - com.docker.hub.utility.TestBase -INFO - Now Browser is maximize...
2021-09-13 14:32:04,125 - com.docker.hub.utility.TestBase -INFO - Page loading.....
2021-09-13 16:00:48,100 - com.docker.hub.utility.TestBase -INFO - url has lauching..
2021-09-13 16:00:48,287 - com.docker.hub.utility.TestBase -INFO - Now Browser is maximize...
2021-09-13 16:00:48,299 - com.docker.hub.utility.TestBase -INFO - Page loading.....
2021-09-13 16:03:45,738 - com.docker.hub.utility.TestBase -INFO - url has lauching..
2021-09-13 16:03:45,901 - com.docker.hub.utility.TestBase -INFO - Now Browser is maximize...
2021-09-13 16:03:45,915 - com.docker.hub.utility.TestBase -INFO - Page loading.....
2021-09-13 16:05:30,778 - com.docker.hub.utility.TestBase -INFO - url has lauching..
2021-09-13 16:05:30,932 - com.docker.hub.utility.TestBase -INFO - Now Browser is maximize...
2021-09-13 16:05:30,945 - com.docker.hub.utility.TestBase -INFO - Page loading.....
2021-09-13 16:13:31,050 - com.docker.hub.utility.TestBase -INFO - url has lauching..
2021-09-13 16:13:31,185 - com.docker.hub.utility.TestBase -INFO - Now Browser is maximize...
2021-09-13 16:13:31,200 - com.docker.hub.utility.TestBase -INFO - Page loading.....
2021-09-13 17:00:48,269 - com.docker.hub.utility.TestBase -INFO - url has lauching..
2021-09-13 17:00:48,592 - com.docker.hub.utility.TestBase -INFO - Now Browser is maximize...
2021-09-13 17:00:48,604 - com.docker.hub.utility.TestBase -INFO - Page loading.....
2021-09-13 17:02:50,039 - com.docker.hub.utility.TestBase -INFO - url has lauching..
2021-09-13 17:02:50,264 - com.docker.hub.utility.TestBase -INFO - Now Browser is maximize...
2021-09-13 17:02:50,278 - com.docker.hub.utility.TestBase -INFO - Page loading.....
2021-09-13 17:03:56,902 - com.docker.hub.utility.TestBase -INFO - url has lauching..
2021-09-13 17:03:57,039 - com.docker.hub.utility.TestBase -INFO - Now Browser is maximize...
2021-09-13 17:03:57,054 - com.docker.hub.utility.TestBase -INFO - Page loading.....
2021-09-13 17:04:34,350 - com.docker.hub.utility.TestBase -INFO - url has lauching..
2021-09-13 17:04:34,484 - com.docker.hub.utility.TestBase -INFO - Now Browser is maximize...
2021-09-13 17:04:34,498 - com.docker.hub.utility.TestBase -INFO - Page loading.....
2021-09-13 17:08:03,912 - com.docker.hub.utility.TestBase -INFO - url has lauching..
2021-09-13 17:08:04,050 - com.docker.hub.utility.TestBase -INFO - Now Browser is maximize...
2021-09-13 17:08:04,064 - com.docker.hub.utility.TestBase -INFO - Page loading.....
2021-09-13 17:08:56,995 - com.docker.hub.utility.TestBase -INFO - url has lauching..
2021-09-13 17:08:57,218 - com.docker.hub.utility.TestBase -INFO - Now Browser is maximize...
2021-09-13 17:08:57,230 - com.docker.hub.utility.TestBase -INFO - Page loading.....
2021-09-13 17:09:40,259 - com.docker.hub.utility.TestBase -INFO - url has lauching..
2021-09-13 17:09:40,398 - com.docker.hub.utility.TestBase -INFO - Now Browser is maximize...
2021-09-13 17:09:40,409 - com.docker.hub.utility.TestBase -INFO - Page loading.....
2021-09-13 17:11:14,990 - com.docker.hub.utility.TestBase -INFO - url has lauching..
2021-09-13 17:11:15,160 - com.docker.hub.utility.TestBase -INFO - Now Browser is maximize...
2021-09-13 17:11:15,174 - com.docker.hub.utility.TestBase -INFO - Page loading.....
2021-09-13 17:15:56,978 - com.docker.hub.utility.TestBase -INFO - url has lauching..
2021-09-13 17:15:57,123 - com.docker.hub.utility.TestBase -INFO - Now Browser is maximize...
2021-09-13 17:15:57,134 - com.docker.hub.utility.TestBase -INFO - Page loading.....
2021-09-13 17:16:54,622 - com.docker.hub.utility.TestBase -INFO - url has lauching..
2021-09-13 17:16:54,770 - com.docker.hub.utility.TestBase -INFO - Now Browser is maximize...
2021-09-13 17:16:54,783 - com.docker.hub.utility.TestBase -INFO - Page loading.....
2021-09-13 17:30:33,673 - com.docker.hub.utility.TestBase -INFO - url has lauching..
2021-09-13 17:30:33,823 - com.docker.hub.utility.TestBase -INFO - Now Browser is maximize...
2021-09-13 17:30:33,836 - com.docker.hub.utility.TestBase -INFO - Page loading.....
2021-09-13 17:31:03,202 - com.docker.hub.utility.TestBase -INFO - url has lauching..
2021-09-13 17:31:03,489 - com.docker.hub.utility.TestBase -INFO - Now Browser is maximize...
2021-09-13 17:31:03,493 - com.docker.hub.utility.TestBase -INFO - Page loading.....
2021-09-13 17:52:46,219 - com.docker.hub.utility.TestBase -INFO - url has lauching..
2021-09-13 17:52:46,369 - com.docker.hub.utility.TestBase -INFO - Now Browser is maximize...
2021-09-13 17:52:46,379 - com.docker.hub.utility.TestBase -INFO - Page loading.....
2021-09-13 17:53:54,303 - com.docker.hub.utility.TestBase -INFO - url has lauching..
2021-09-13 17:53:54,588 - com.docker.hub.utility.TestBase -INFO - Now Browser is maximize...
2021-09-13 17:53:54,604 - com.docker.hub.utility.TestBase -INFO - Page loading.....
2021-09-13 17:54:56,612 - com.docker.hub.utility.TestBase -INFO - url has lauching..
2021-09-13 17:54:56,750 - com.docker.hub.utility.TestBase -INFO - Now Browser is maximize...
2021-09-13 17:54:56,766 - com.docker.hub.utility.TestBase -INFO - Page loading.....
2021-09-13 17:58:14,249 - com.docker.hub.utility.TestBase -INFO - url has lauching..
2021-09-13 17:58:14,401 - com.docker.hub.utility.TestBase -INFO - Now Browser is maximize...
2021-09-13 17:58:14,414 - com.docker.hub.utility.TestBase -INFO - Page loading.....
2021-09-13 18:07:19,810 - com.docker.hub.utility.TestBase -INFO - url has lauching..
2021-09-13 18:07:19,963 - com.docker.hub.utility.TestBase -INFO - Now Browser is maximize...
2021-09-13 18:07:19,976 - com.docker.hub.utility.TestBase -INFO - Page loading.....
2021-09-13 18:09:03,535 - com.docker.hub.utility.TestBase -INFO - url has lauching..
2021-09-13 18:09:03,681 - com.docker.hub.utility.TestBase -INFO - Now Browser is maximize...
2021-09-13 18:09:03,695 - com.docker.hub.utility.TestBase -INFO - Page loading.....
2021-09-13 18:09:42,599 - com.docker.hub.utility.TestBase -INFO - url has lauching..
2021-09-13 18:09:42,750 - com.docker.hub.utility.TestBase -INFO - Now Browser is maximize...
2021-09-13 18:09:42,764 - com.docker.hub.utility.TestBase -INFO - Page loading.....
2021-09-13 18:19:36,424 - com.docker.hub.utility.TestBase -INFO - url has lauching..
2021-09-13 18:19:36,669 - com.docker.hub.utility.TestBase -INFO - Now Browser is maximize...
2021-09-13 18:19:36,687 - com.docker.hub.utility.TestBase -INFO - Page loading.....
2021-09-13 18:20:10,316 - com.docker.hub.utility.TestBase -INFO - url has lauching..
2021-09-13 18:20:10,455 - com.docker.hub.utility.TestBase -INFO - Now Browser is maximize...
2021-09-13 18:20:10,469 - com.docker.hub.utility.TestBase -INFO - Page loading.....
2021-09-13 18:22:24,516 - com.docker.hub.utility.TestBase -INFO - url has lauching..
2021-09-13 18:22:24,738 - com.docker.hub.utility.TestBase -INFO - Now Browser is maximize...
2021-09-13 18:22:24,744 - com.docker.hub.utility.TestBase -INFO - Page loading.....
2021-09-13 18:24:02,125 - com.docker.hub.utility.TestBase -INFO - url has lauching..
2021-09-13 18:24:02,271 - com.docker.hub.utility.TestBase -INFO - Now Browser is maximize...
2021-09-13 18:24:02,286 - com.docker.hub.utility.TestBase -INFO - Page loading.....
2021-09-13 18:37:41,345 - com.docker.hub.utility.TestBase -INFO - url has lauching..
2021-09-13 18:37:41,625 - com.docker.hub.utility.TestBase -INFO - Now Browser is maximize...
2021-09-13 18:37:41,638 - com.docker.hub.utility.TestBase -INFO - Page loading.....
2021-09-13 18:39:28,463 - com.docker.hub.utility.TestBase -INFO - url has lauching..
2021-09-13 18:39:28,696 - com.docker.hub.utility.TestBase -INFO - Now Browser is maximize...
2021-09-13 18:39:28,706 - com.docker.hub.utility.TestBase -INFO - Page loading.....
2021-09-13 18:49:07,554 - com.docker.hub.utility.TestBase -INFO - url has lauching..
2021-09-13 18:49:07,690 - com.docker.hub.utility.TestBase -INFO - Now Browser is maximize...
2021-09-13 18:49:07,705 - com.docker.hub.utility.TestBase -INFO - Page loading.....
2021-09-13 18:49:33,698 - com.docker.hub.utility.TestBase -INFO - url has lauching..
2021-09-13 18:49:33,851 - com.docker.hub.utility.TestBase -INFO - Now Browser is maximize...
2021-09-13 18:49:33,865 - com.docker.hub.utility.TestBase -INFO - Page loading.....
2021-09-13 18:52:02,339 - com.docker.hub.utility.TestBase -INFO - url has lauching..
2021-09-13 18:52:02,487 - com.docker.hub.utility.TestBase -INFO - Now Browser is maximize...
2021-09-13 18:52:02,502 - com.docker.hub.utility.TestBase -INFO - Page loading.....
2021-09-13 18:52:46,274 - com.docker.hub.utility.TestBase -INFO - url has lauching..
2021-09-13 18:52:46,423 - com.docker.hub.utility.TestBase -INFO - Now Browser is maximize...
2021-09-13 18:52:46,437 - com.docker.hub.utility.TestBase -INFO - Page loading.....
2021-09-13 18:53:25,363 - com.docker.hub.utility.TestBase -INFO - url has lauching..
2021-09-13 18:53:25,511 - com.docker.hub.utility.TestBase -INFO - Now Browser is maximize...
2021-09-13 18:53:25,524 - com.docker.hub.utility.TestBase -INFO - Page loading.....
2021-09-13 18:59:42,571 - com.docker.hub.utility.TestBase -INFO - url has lauching..
2021-09-13 18:59:42,722 - com.docker.hub.utility.TestBase -INFO - Now Browser is maximize...
2021-09-13 18:59:42,736 - com.docker.hub.utility.TestBase -INFO - Page loading.....
2021-09-13 19:00:20,904 - com.docker.hub.utility.TestBase -INFO - url has lauching..
2021-09-13 19:00:21,070 - com.docker.hub.utility.TestBase -INFO - Now Browser is maximize...
2021-09-13 19:00:21,081 - com.docker.hub.utility.TestBase -INFO - Page loading.....
2021-09-13 19:00:53,054 - com.docker.hub.utility.TestBase -INFO - url has lauching..
2021-09-13 19:00:53,200 - com.docker.hub.utility.TestBase -INFO - Now Browser is maximize...
2021-09-13 19:00:53,215 - com.docker.hub.utility.TestBase -INFO - Page loading.....
2021-09-13 19:01:40,269 - com.docker.hub.utility.TestBase -INFO - url has lauching..
2021-09-13 19:01:40,406 - com.docker.hub.utility.TestBase -INFO - Now Browser is maximize...
2021-09-13 19:01:40,421 - com.docker.hub.utility.TestBase -INFO - Page loading.....
2021-09-13 19:14:47,527 - com.docker.hub.utility.TestBase -INFO - url has lauching..
2021-09-13 19:14:47,673 - com.docker.hub.utility.TestBase -INFO - Now Browser is maximize...
2021-09-13 19:14:47,687 - com.docker.hub.utility.TestBase -INFO - Page loading.....
2021-09-13 19:14:47,694 - com.docker.hub.Testcases.DockerHUBWebTest -INFO - ===Started Verifying testContainerPage=====
2021-09-13 19:14:47,821 - com.docker.hub.Testcases.DockerHUBWebTest -INFO - ===Finished Verifying testContainerPage=====
2021-09-13 19:14:47,821 - com.docker.hub.Testcases.DockerHUBWebTest -INFO - ===Started Verifying testVerifyLabel=====
2021-09-13 19:14:47,998 - com.docker.hub.Testcases.DockerHUBWebTest -INFO - ===Finished Verifying testVerifyLabel=====
2021-09-13 19:14:47,999 - com.docker.hub.Testcases.DockerHUBWebTest -INFO - ===Started Verifying testVerifyCategories=====
2021-09-13 19:14:48,190 - com.docker.hub.Testcases.DockerHUBWebTest -INFO - ===Finished Verifying testVerifyCategories=====
2021-09-13 19:14:48,190 - com.docker.hub.Testcases.DockerHUBWebTest -INFO - ===Started Verifying testPublisherContent=====
2021-09-13 19:14:48,395 - com.docker.hub.Testcases.DockerHUBWebTest -INFO - ===Finished Verifying testPublisherContent=====
2021-09-13 19:14:48,396 - com.docker.hub.Testcases.DockerHUBWebTest -INFO - ===Started Verifying testBaseImageAndDatabaseFilterContent=====
2021-09-13 19:14:48,987 - com.docker.hub.Testcases.DockerHUBWebTest -INFO - ===Finished Verifying testBaseImageAndDatabaseFilterContent=====
2021-09-13 19:14:48,988 - com.docker.hub.Testcases.DockerHUBWebTest -INFO - ===Started Verifying testBaseImageFilterRemovedFromLeftPane=====
2021-09-13 19:14:49,193 - com.docker.hub.Testcases.DockerHUBWebTest -INFO - ===Finished Verifying testBaseImageFilterRemovedFromLeftPane=====
